{
  "RSpec": {
    "coverage": {
      "/Users/jpferreira/Desktop/Projects/week_3/RPS/app.rb": [
        1,
        1,
        1,
        1,
        null,
        1,
        1,
        0,
        null,
        null,
        1,
        null,
        null,
        1,
        6,
        null,
        null,
        1,
        6,
        6,
        null,
        null,
        1,
        10,
        null,
        10,
        null,
        null,
        1,
        4,
        4,
        4,
        null,
        null,
        1,
        0,
        0,
        0,
        0,
        null,
        null,
        1,
        null
      ],
      "/Users/jpferreira/Desktop/Projects/week_3/RPS/lib/play.rb": [
        1,
        null,
        null,
        null,
        1,
        null,
        null,
        null,
        null,
        null,
        null,
        1,
        null,
        1,
        16,
        16,
        16,
        null,
        null,
        1,
        11,
        null,
        null,
        1,
        9,
        null,
        null,
        1,
        10,
        null,
        null,
        1,
        null,
        1,
        30,
        12,
        null,
        null,
        null
      ],
      "/Users/jpferreira/Desktop/Projects/week_3/RPS/lib/machine_choice.rb": [
        1,
        null,
        1,
        null,
        1,
        5,
        null,
        null,
        null
      ],
      "/Users/jpferreira/Desktop/Projects/week_3/RPS/spec/features/enter_name_spec.rb": [
        1,
        null,
        null,
        null,
        null,
        null,
        1,
        1,
        1,
        1,
        1,
        1,
        null,
        null
      ],
      "/Users/jpferreira/Desktop/Projects/week_3/RPS/spec/features/game_spec.rb": [
        1,
        null,
        null,
        null,
        null,
        1,
        1,
        5,
        5,
        5,
        null,
        null,
        1,
        1,
        1,
        1,
        null,
        null,
        1,
        1,
        1,
        null,
        null,
        1,
        null,
        1,
        1,
        1,
        1,
        null,
        null,
        1,
        1,
        1,
        1,
        null,
        null,
        1,
        1,
        1,
        1,
        null,
        null,
        null
      ],
      "/Users/jpferreira/Desktop/Projects/week_3/RPS/spec/machine_choice_spec.rb": [
        1,
        1,
        null,
        1,
        2,
        null,
        1,
        1,
        1,
        null,
        null,
        null,
        null
      ],
      "/Users/jpferreira/Desktop/Projects/week_3/RPS/spec/play_spec.rb": [
        1,
        null,
        1,
        null,
        4,
        4,
        null,
        1,
        1,
        1,
        null,
        null,
        null,
        1,
        1,
        1,
        null,
        null,
        null,
        1,
        1,
        1,
        1,
        null,
        null,
        null,
        1,
        null,
        2,
        2,
        2,
        null,
        2,
        2,
        2,
        null,
        null,
        1,
        1,
        1,
        null,
        null,
        null,
        1,
        1,
        1,
        null,
        null,
        null,
        1,
        1,
        1,
        null,
        null,
        null,
        null,
        null,
        null
      ]
    },
    "timestamp": 1621163015
  }
}
